0 info it worked if it ends with ok
1 verbose cli [ '/home/thurt/.nvm/versions/node/v6.2.1/bin/node',
1 verbose cli   '/home/thurt/.nvm/versions/node/v6.2.1/bin/npm',
1 verbose cli   'run',
1 verbose cli   'build' ]
2 info using npm@3.9.3
3 info using node@v6.2.1
4 verbose run-script [ 'prebuild', 'build', 'postbuild' ]
5 info lifecycle annyang-platform@1.0.0~prebuild: annyang-platform@1.0.0
6 silly lifecycle annyang-platform@1.0.0~prebuild: no script for prebuild, continuing
7 info lifecycle annyang-platform@1.0.0~build: annyang-platform@1.0.0
8 verbose lifecycle annyang-platform@1.0.0~build: unsafe-perm in lifecycle true
9 verbose lifecycle annyang-platform@1.0.0~build: PATH: /home/thurt/.nvm/versions/node/v6.2.1/lib/node_modules/npm/bin/node-gyp-bin:/home/thurt/code/github/annyang-platform/node_modules/.bin:/home/thurt/.nvm/versions/node/v6.2.1/bin:/home/thurt/.nvm/versions/node/v6.2.1/bin:/usr/local/sbin:/usr/local/bin:/usr/sbin:/usr/bin:/sbin:/bin:/usr/games:/usr/local/games
10 verbose lifecycle annyang-platform@1.0.0~build: CWD: /home/thurt/code/github/annyang-platform
11 silly lifecycle annyang-platform@1.0.0~build: Args: [ '-c', 'watchify --debug src/platform.js -o dist/bundle.js' ]
12 silly lifecycle annyang-platform@1.0.0~build: Returned: code: 143  signal: null
13 info lifecycle annyang-platform@1.0.0~build: Failed to exec build script
14 verbose stack Error: annyang-platform@1.0.0 build: `watchify --debug src/platform.js -o dist/bundle.js`
14 verbose stack Exit status 143
14 verbose stack     at EventEmitter.<anonymous> (/home/thurt/.nvm/versions/node/v6.2.1/lib/node_modules/npm/lib/utils/lifecycle.js:245:16)
14 verbose stack     at emitTwo (events.js:106:13)
14 verbose stack     at EventEmitter.emit (events.js:191:7)
14 verbose stack     at ChildProcess.<anonymous> (/home/thurt/.nvm/versions/node/v6.2.1/lib/node_modules/npm/lib/utils/spawn.js:24:14)
14 verbose stack     at emitTwo (events.js:106:13)
14 verbose stack     at ChildProcess.emit (events.js:191:7)
14 verbose stack     at maybeClose (internal/child_process.js:852:16)
14 verbose stack     at Process.ChildProcess._handle.onexit (internal/child_process.js:215:5)
15 verbose pkgid annyang-platform@1.0.0
16 verbose cwd /home/thurt/code/github/annyang-platform
17 error Linux 3.19.0-65-generic
18 error argv "/home/thurt/.nvm/versions/node/v6.2.1/bin/node" "/home/thurt/.nvm/versions/node/v6.2.1/bin/npm" "run" "build"
19 error node v6.2.1
20 error npm  v3.9.3
21 error code ELIFECYCLE
22 error annyang-platform@1.0.0 build: `watchify --debug src/platform.js -o dist/bundle.js`
22 error Exit status 143
23 error Failed at the annyang-platform@1.0.0 build script 'watchify --debug src/platform.js -o dist/bundle.js'.
23 error Make sure you have the latest version of node.js and npm installed.
23 error If you do, this is most likely a problem with the annyang-platform package,
23 error not with npm itself.
23 error Tell the author that this fails on your system:
23 error     watchify --debug src/platform.js -o dist/bundle.js
23 error You can get information on how to open an issue for this project with:
23 error     npm bugs annyang-platform
23 error Or if that isn't available, you can get their info via:
23 error     npm owner ls annyang-platform
23 error There is likely additional logging output above.
24 verbose exit [ 1, true ]
